<?xml version="1.0" encoding="UTF-8"?>
<robot generator="Robot 3.2.2 (Python 3.9.6 on win32)" generated="20210908 19:08:24.053" rpa="false">
<suite id="s1" name="Login" source="C:\Robot\SCG\HW02\Tests\Login.robot">
<test id="s1-t1" name="Verify username and PASSWORD">
<kw name="Open web Jenkins" library="Login_master" type="setup">
<kw name="Open Browser" library="SeleniumLibrary">
<doc>Opens a new browser instance to the optional ``url``.</doc>
<arguments>
<arg>${URL}</arg>
<arg>${BROWSER}</arg>
</arguments>
<msg timestamp="20210908 19:08:25.315" level="INFO">Opening browser 'chrome' to base url 'http://www.doppio-tech.com:8080/login'.</msg>
<status status="PASS" starttime="20210908 19:08:25.314" endtime="20210908 19:08:26.714"></status>
</kw>
<kw name="Maximize Browser Window" library="SeleniumLibrary">
<doc>Maximizes current browser window.</doc>
<status status="PASS" starttime="20210908 19:08:26.714" endtime="20210908 19:08:26.848"></status>
</kw>
<status status="PASS" starttime="20210908 19:08:25.314" endtime="20210908 19:08:26.848"></status>
</kw>
<kw name="Login web Jenkins">
<arguments>
<arg>dummy</arg>
<arg>dummy</arg>
<arg>Access Denied</arg>
</arguments>
<kw name="Input Text" library="SeleniumLibrary">
<doc>Types the given ``text`` into the text field identified by ``locator``.</doc>
<arguments>
<arg>${txt_USER}</arg>
<arg>${USER}</arg>
</arguments>
<msg timestamp="20210908 19:08:26.850" level="INFO">Typing text 'dummy' into text field 'id=j_username'.</msg>
<status status="PASS" starttime="20210908 19:08:26.850" endtime="20210908 19:08:26.943"></status>
</kw>
<kw name="Input Text" library="SeleniumLibrary">
<doc>Types the given ``text`` into the text field identified by ``locator``.</doc>
<arguments>
<arg>${txt_PASSWORD}</arg>
<arg>${PASSWORD}</arg>
</arguments>
<msg timestamp="20210908 19:08:26.944" level="INFO">Typing text 'dummy' into text field 'name=j_password'.</msg>
<status status="PASS" starttime="20210908 19:08:26.944" endtime="20210908 19:08:27.040"></status>
</kw>
<kw name="Click Button" library="SeleniumLibrary">
<doc>Clicks the button identified by ``locator``.</doc>
<arguments>
<arg>${btn_signin}</arg>
</arguments>
<msg timestamp="20210908 19:08:27.041" level="INFO">Clicking button 'name=Submit'.</msg>
<status status="PASS" starttime="20210908 19:08:27.040" endtime="20210908 19:08:27.494"></status>
</kw>
<kw name="Element Text Should Be" library="SeleniumLibrary">
<doc>Verifies that element ``locator`` contains exact the text ``expected``.</doc>
<arguments>
<arg>//*[contains(text(), '${ERROR_MESSAGE}')]</arg>
<arg>${ERROR_MESSAGE}</arg>
</arguments>
<msg timestamp="20210908 19:08:27.495" level="INFO">Verifying element '//*[contains(text(), 'Access Denied')]' contains exact text 'Access Denied'.</msg>
<status status="PASS" starttime="20210908 19:08:27.494" endtime="20210908 19:08:27.519"></status>
</kw>
<status status="PASS" starttime="20210908 19:08:26.849" endtime="20210908 19:08:27.520"></status>
</kw>
<kw name="Close Jenkins" library="Login_master" type="teardown">
<kw name="Close Browser" library="SeleniumLibrary">
<doc>Closes the current browser.</doc>
<status status="PASS" starttime="20210908 19:08:27.521" endtime="20210908 19:08:29.825"></status>
</kw>
<status status="PASS" starttime="20210908 19:08:27.520" endtime="20210908 19:08:29.825"></status>
</kw>
<status status="PASS" starttime="20210908 19:08:25.312" endtime="20210908 19:08:29.826" critical="yes"></status>
</test>
<test id="s1-t2" name="Verify username and PASSWORD">
<kw name="Open web Jenkins" library="Login_master" type="setup">
<kw name="Open Browser" library="SeleniumLibrary">
<doc>Opens a new browser instance to the optional ``url``.</doc>
<arguments>
<arg>${URL}</arg>
<arg>${BROWSER}</arg>
</arguments>
<msg timestamp="20210908 19:08:29.835" level="INFO">Opening browser 'chrome' to base url 'http://www.doppio-tech.com:8080/login'.</msg>
<status status="PASS" starttime="20210908 19:08:29.834" endtime="20210908 19:08:31.217"></status>
</kw>
<kw name="Maximize Browser Window" library="SeleniumLibrary">
<doc>Maximizes current browser window.</doc>
<status status="PASS" starttime="20210908 19:08:31.218" endtime="20210908 19:08:31.360"></status>
</kw>
<status status="PASS" starttime="20210908 19:08:29.833" endtime="20210908 19:08:31.360"></status>
</kw>
<kw name="Login web Jenkins">
<arguments>
<arg>dummy1</arg>
<arg>dummy</arg>
<arg>Invalid username or password</arg>
</arguments>
<kw name="Input Text" library="SeleniumLibrary">
<doc>Types the given ``text`` into the text field identified by ``locator``.</doc>
<arguments>
<arg>${txt_USER}</arg>
<arg>${USER}</arg>
</arguments>
<msg timestamp="20210908 19:08:31.362" level="INFO">Typing text 'dummy1' into text field 'id=j_username'.</msg>
<status status="PASS" starttime="20210908 19:08:31.361" endtime="20210908 19:08:31.468"></status>
</kw>
<kw name="Input Text" library="SeleniumLibrary">
<doc>Types the given ``text`` into the text field identified by ``locator``.</doc>
<arguments>
<arg>${txt_PASSWORD}</arg>
<arg>${PASSWORD}</arg>
</arguments>
<msg timestamp="20210908 19:08:31.469" level="INFO">Typing text 'dummy' into text field 'name=j_password'.</msg>
<status status="PASS" starttime="20210908 19:08:31.469" endtime="20210908 19:08:31.558"></status>
</kw>
<kw name="Click Button" library="SeleniumLibrary">
<doc>Clicks the button identified by ``locator``.</doc>
<arguments>
<arg>${btn_signin}</arg>
</arguments>
<msg timestamp="20210908 19:08:31.558" level="INFO">Clicking button 'name=Submit'.</msg>
<status status="PASS" starttime="20210908 19:08:31.558" endtime="20210908 19:08:31.711"></status>
</kw>
<kw name="Element Text Should Be" library="SeleniumLibrary">
<doc>Verifies that element ``locator`` contains exact the text ``expected``.</doc>
<arguments>
<arg>//*[contains(text(), '${ERROR_MESSAGE}')]</arg>
<arg>${ERROR_MESSAGE}</arg>
</arguments>
<msg timestamp="20210908 19:08:31.711" level="INFO">Verifying element '//*[contains(text(), 'Invalid username or password')]' contains exact text 'Invalid username or password'.</msg>
<status status="PASS" starttime="20210908 19:08:31.711" endtime="20210908 19:08:31.742"></status>
</kw>
<status status="PASS" starttime="20210908 19:08:31.361" endtime="20210908 19:08:31.743"></status>
</kw>
<kw name="Close Jenkins" library="Login_master" type="teardown">
<kw name="Close Browser" library="SeleniumLibrary">
<doc>Closes the current browser.</doc>
<status status="PASS" starttime="20210908 19:08:31.744" endtime="20210908 19:08:33.975"></status>
</kw>
<status status="PASS" starttime="20210908 19:08:31.743" endtime="20210908 19:08:33.975"></status>
</kw>
<status status="PASS" starttime="20210908 19:08:29.830" endtime="20210908 19:08:33.976" critical="yes"></status>
</test>
<status status="PASS" starttime="20210908 19:08:24.056" endtime="20210908 19:08:33.977"></status>
</suite>
<statistics>
<total>
<stat pass="2" fail="0">Critical Tests</stat>
<stat pass="2" fail="0">All Tests</stat>
</total>
<tag>
</tag>
<suite>
<stat pass="2" fail="0" id="s1" name="Login">Login</stat>
</suite>
</statistics>
<errors>
<msg timestamp="20210908 19:08:29.829" level="WARN">Multiple test cases with name 'Verify username and PASSWORD' executed in test suite 'Login'.</msg>
</errors>
</robot>
